[2018-11-14T12:42:17,404][INFO ][o.e.p.PluginsService     ] [_client_] no modules loaded
[2018-11-14T12:42:17,417][INFO ][o.e.p.PluginsService     ] [_client_] loaded plugin [org.elasticsearch.index.reindex.ReindexPlugin]
[2018-11-14T12:42:17,417][INFO ][o.e.p.PluginsService     ] [_client_] loaded plugin [org.elasticsearch.join.ParentJoinPlugin]
[2018-11-14T12:42:17,417][INFO ][o.e.p.PluginsService     ] [_client_] loaded plugin [org.elasticsearch.percolator.PercolatorPlugin]
[2018-11-14T12:42:17,417][INFO ][o.e.p.PluginsService     ] [_client_] loaded plugin [org.elasticsearch.script.mustache.MustachePlugin]
[2018-11-14T12:42:17,418][INFO ][o.e.p.PluginsService     ] [_client_] loaded plugin [org.elasticsearch.transport.Netty4Plugin]
[2018-11-14T12:43:05,684][INFO ][o.e.p.PluginsService     ] [_client_] no modules loaded
[2018-11-14T12:43:05,686][INFO ][o.e.p.PluginsService     ] [_client_] loaded plugin [org.elasticsearch.index.reindex.ReindexPlugin]
[2018-11-14T12:43:05,686][INFO ][o.e.p.PluginsService     ] [_client_] loaded plugin [org.elasticsearch.join.ParentJoinPlugin]
[2018-11-14T12:43:05,686][INFO ][o.e.p.PluginsService     ] [_client_] loaded plugin [org.elasticsearch.percolator.PercolatorPlugin]
[2018-11-14T12:43:05,686][INFO ][o.e.p.PluginsService     ] [_client_] loaded plugin [org.elasticsearch.script.mustache.MustachePlugin]
[2018-11-14T12:43:05,687][INFO ][o.e.p.PluginsService     ] [_client_] loaded plugin [org.elasticsearch.transport.Netty4Plugin]
[2018-11-14T12:53:44,131][INFO ][o.e.p.PluginsService     ] [_client_] no modules loaded
[2018-11-14T12:53:44,134][INFO ][o.e.p.PluginsService     ] [_client_] loaded plugin [org.elasticsearch.index.reindex.ReindexPlugin]
[2018-11-14T12:53:44,134][INFO ][o.e.p.PluginsService     ] [_client_] loaded plugin [org.elasticsearch.join.ParentJoinPlugin]
[2018-11-14T12:53:44,134][INFO ][o.e.p.PluginsService     ] [_client_] loaded plugin [org.elasticsearch.percolator.PercolatorPlugin]
[2018-11-14T12:53:44,134][INFO ][o.e.p.PluginsService     ] [_client_] loaded plugin [org.elasticsearch.script.mustache.MustachePlugin]
[2018-11-14T12:53:44,134][INFO ][o.e.p.PluginsService     ] [_client_] loaded plugin [org.elasticsearch.transport.Netty4Plugin]
[2018-11-14T13:43:21,092][INFO ][o.e.p.PluginsService     ] [_client_] no modules loaded
[2018-11-14T13:43:21,094][INFO ][o.e.p.PluginsService     ] [_client_] loaded plugin [org.elasticsearch.index.reindex.ReindexPlugin]
[2018-11-14T13:43:21,094][INFO ][o.e.p.PluginsService     ] [_client_] loaded plugin [org.elasticsearch.join.ParentJoinPlugin]
[2018-11-14T13:43:21,094][INFO ][o.e.p.PluginsService     ] [_client_] loaded plugin [org.elasticsearch.percolator.PercolatorPlugin]
[2018-11-14T13:43:21,094][INFO ][o.e.p.PluginsService     ] [_client_] loaded plugin [org.elasticsearch.script.mustache.MustachePlugin]
[2018-11-14T13:43:21,094][INFO ][o.e.p.PluginsService     ] [_client_] loaded plugin [org.elasticsearch.transport.Netty4Plugin]
[2018-11-14T13:43:47,039][INFO ][o.e.p.PluginsService     ] [_client_] no modules loaded
[2018-11-14T13:43:47,041][INFO ][o.e.p.PluginsService     ] [_client_] loaded plugin [org.elasticsearch.index.reindex.ReindexPlugin]
[2018-11-14T13:43:47,041][INFO ][o.e.p.PluginsService     ] [_client_] loaded plugin [org.elasticsearch.join.ParentJoinPlugin]
[2018-11-14T13:43:47,041][INFO ][o.e.p.PluginsService     ] [_client_] loaded plugin [org.elasticsearch.percolator.PercolatorPlugin]
[2018-11-14T13:43:47,041][INFO ][o.e.p.PluginsService     ] [_client_] loaded plugin [org.elasticsearch.script.mustache.MustachePlugin]
[2018-11-14T13:43:47,041][INFO ][o.e.p.PluginsService     ] [_client_] loaded plugin [org.elasticsearch.transport.Netty4Plugin]
[2018-11-14T14:01:29,469][INFO ][o.e.p.PluginsService     ] [_client_] no modules loaded
[2018-11-14T14:01:29,471][INFO ][o.e.p.PluginsService     ] [_client_] loaded plugin [org.elasticsearch.index.reindex.ReindexPlugin]
[2018-11-14T14:01:29,471][INFO ][o.e.p.PluginsService     ] [_client_] loaded plugin [org.elasticsearch.join.ParentJoinPlugin]
[2018-11-14T14:01:29,472][INFO ][o.e.p.PluginsService     ] [_client_] loaded plugin [org.elasticsearch.percolator.PercolatorPlugin]
[2018-11-14T14:01:29,472][INFO ][o.e.p.PluginsService     ] [_client_] loaded plugin [org.elasticsearch.script.mustache.MustachePlugin]
[2018-11-14T14:01:29,472][INFO ][o.e.p.PluginsService     ] [_client_] loaded plugin [org.elasticsearch.transport.Netty4Plugin]
[2018-11-14T14:01:44,068][INFO ][o.e.p.PluginsService     ] [_client_] no modules loaded
[2018-11-14T14:01:44,071][INFO ][o.e.p.PluginsService     ] [_client_] loaded plugin [org.elasticsearch.index.reindex.ReindexPlugin]
[2018-11-14T14:01:44,071][INFO ][o.e.p.PluginsService     ] [_client_] loaded plugin [org.elasticsearch.join.ParentJoinPlugin]
[2018-11-14T14:01:44,071][INFO ][o.e.p.PluginsService     ] [_client_] loaded plugin [org.elasticsearch.percolator.PercolatorPlugin]
[2018-11-14T14:01:44,072][INFO ][o.e.p.PluginsService     ] [_client_] loaded plugin [org.elasticsearch.script.mustache.MustachePlugin]
[2018-11-14T14:01:44,072][INFO ][o.e.p.PluginsService     ] [_client_] loaded plugin [org.elasticsearch.transport.Netty4Plugin]
[2018-11-14T14:04:08,011][INFO ][o.e.p.PluginsService     ] [_client_] no modules loaded
[2018-11-14T14:04:08,013][INFO ][o.e.p.PluginsService     ] [_client_] loaded plugin [org.elasticsearch.index.reindex.ReindexPlugin]
[2018-11-14T14:04:08,013][INFO ][o.e.p.PluginsService     ] [_client_] loaded plugin [org.elasticsearch.join.ParentJoinPlugin]
[2018-11-14T14:04:08,013][INFO ][o.e.p.PluginsService     ] [_client_] loaded plugin [org.elasticsearch.percolator.PercolatorPlugin]
[2018-11-14T14:04:08,013][INFO ][o.e.p.PluginsService     ] [_client_] loaded plugin [org.elasticsearch.script.mustache.MustachePlugin]
[2018-11-14T14:04:08,013][INFO ][o.e.p.PluginsService     ] [_client_] loaded plugin [org.elasticsearch.transport.Netty4Plugin]
[2018-11-14T14:09:03,362][INFO ][o.e.p.PluginsService     ] [_client_] no modules loaded
[2018-11-14T14:09:03,364][INFO ][o.e.p.PluginsService     ] [_client_] loaded plugin [org.elasticsearch.index.reindex.ReindexPlugin]
[2018-11-14T14:09:03,364][INFO ][o.e.p.PluginsService     ] [_client_] loaded plugin [org.elasticsearch.join.ParentJoinPlugin]
[2018-11-14T14:09:03,364][INFO ][o.e.p.PluginsService     ] [_client_] loaded plugin [org.elasticsearch.percolator.PercolatorPlugin]
[2018-11-14T14:09:03,364][INFO ][o.e.p.PluginsService     ] [_client_] loaded plugin [org.elasticsearch.script.mustache.MustachePlugin]
[2018-11-14T14:09:03,364][INFO ][o.e.p.PluginsService     ] [_client_] loaded plugin [org.elasticsearch.transport.Netty4Plugin]
[2018-11-14T14:17:34,213][INFO ][o.e.p.PluginsService     ] [_client_] no modules loaded
[2018-11-14T14:17:34,215][INFO ][o.e.p.PluginsService     ] [_client_] loaded plugin [org.elasticsearch.index.reindex.ReindexPlugin]
[2018-11-14T14:17:34,215][INFO ][o.e.p.PluginsService     ] [_client_] loaded plugin [org.elasticsearch.join.ParentJoinPlugin]
[2018-11-14T14:17:34,215][INFO ][o.e.p.PluginsService     ] [_client_] loaded plugin [org.elasticsearch.percolator.PercolatorPlugin]
[2018-11-14T14:17:34,216][INFO ][o.e.p.PluginsService     ] [_client_] loaded plugin [org.elasticsearch.script.mustache.MustachePlugin]
[2018-11-14T14:17:34,216][INFO ][o.e.p.PluginsService     ] [_client_] loaded plugin [org.elasticsearch.transport.Netty4Plugin]
[2018-11-14T14:18:42,098][INFO ][o.e.p.PluginsService     ] [_client_] no modules loaded
[2018-11-14T14:18:42,100][INFO ][o.e.p.PluginsService     ] [_client_] loaded plugin [org.elasticsearch.index.reindex.ReindexPlugin]
[2018-11-14T14:18:42,101][INFO ][o.e.p.PluginsService     ] [_client_] loaded plugin [org.elasticsearch.join.ParentJoinPlugin]
[2018-11-14T14:18:42,101][INFO ][o.e.p.PluginsService     ] [_client_] loaded plugin [org.elasticsearch.percolator.PercolatorPlugin]
[2018-11-14T14:18:42,101][INFO ][o.e.p.PluginsService     ] [_client_] loaded plugin [org.elasticsearch.script.mustache.MustachePlugin]
[2018-11-14T14:18:42,101][INFO ][o.e.p.PluginsService     ] [_client_] loaded plugin [org.elasticsearch.transport.Netty4Plugin]
[2018-11-14T14:52:10,428][INFO ][o.e.p.PluginsService     ] [_client_] no modules loaded
[2018-11-14T14:52:10,430][INFO ][o.e.p.PluginsService     ] [_client_] loaded plugin [org.elasticsearch.index.reindex.ReindexPlugin]
[2018-11-14T14:52:10,430][INFO ][o.e.p.PluginsService     ] [_client_] loaded plugin [org.elasticsearch.join.ParentJoinPlugin]
[2018-11-14T14:52:10,430][INFO ][o.e.p.PluginsService     ] [_client_] loaded plugin [org.elasticsearch.percolator.PercolatorPlugin]
[2018-11-14T14:52:10,430][INFO ][o.e.p.PluginsService     ] [_client_] loaded plugin [org.elasticsearch.script.mustache.MustachePlugin]
[2018-11-14T14:52:10,430][INFO ][o.e.p.PluginsService     ] [_client_] loaded plugin [org.elasticsearch.transport.Netty4Plugin]
[2018-11-14T16:18:10,845][INFO ][o.e.p.PluginsService     ] [_client_] no modules loaded
[2018-11-14T16:18:10,848][INFO ][o.e.p.PluginsService     ] [_client_] loaded plugin [org.elasticsearch.index.reindex.ReindexPlugin]
[2018-11-14T16:18:10,849][INFO ][o.e.p.PluginsService     ] [_client_] loaded plugin [org.elasticsearch.join.ParentJoinPlugin]
[2018-11-14T16:18:10,849][INFO ][o.e.p.PluginsService     ] [_client_] loaded plugin [org.elasticsearch.percolator.PercolatorPlugin]
[2018-11-14T16:18:10,849][INFO ][o.e.p.PluginsService     ] [_client_] loaded plugin [org.elasticsearch.script.mustache.MustachePlugin]
[2018-11-14T16:18:10,849][INFO ][o.e.p.PluginsService     ] [_client_] loaded plugin [org.elasticsearch.transport.Netty4Plugin]
[2018-11-14T16:19:38,794][INFO ][o.e.p.PluginsService     ] [_client_] no modules loaded
[2018-11-14T16:19:38,797][INFO ][o.e.p.PluginsService     ] [_client_] loaded plugin [org.elasticsearch.index.reindex.ReindexPlugin]
[2018-11-14T16:19:38,797][INFO ][o.e.p.PluginsService     ] [_client_] loaded plugin [org.elasticsearch.join.ParentJoinPlugin]
[2018-11-14T16:19:38,797][INFO ][o.e.p.PluginsService     ] [_client_] loaded plugin [org.elasticsearch.percolator.PercolatorPlugin]
[2018-11-14T16:19:38,797][INFO ][o.e.p.PluginsService     ] [_client_] loaded plugin [org.elasticsearch.script.mustache.MustachePlugin]
[2018-11-14T16:19:38,797][INFO ][o.e.p.PluginsService     ] [_client_] loaded plugin [org.elasticsearch.transport.Netty4Plugin]
[2018-11-14T16:20:40,424][INFO ][o.e.p.PluginsService     ] [_client_] no modules loaded
[2018-11-14T16:20:40,426][INFO ][o.e.p.PluginsService     ] [_client_] loaded plugin [org.elasticsearch.index.reindex.ReindexPlugin]
[2018-11-14T16:20:40,426][INFO ][o.e.p.PluginsService     ] [_client_] loaded plugin [org.elasticsearch.join.ParentJoinPlugin]
[2018-11-14T16:20:40,427][INFO ][o.e.p.PluginsService     ] [_client_] loaded plugin [org.elasticsearch.percolator.PercolatorPlugin]
[2018-11-14T16:20:40,427][INFO ][o.e.p.PluginsService     ] [_client_] loaded plugin [org.elasticsearch.script.mustache.MustachePlugin]
[2018-11-14T16:20:40,427][INFO ][o.e.p.PluginsService     ] [_client_] loaded plugin [org.elasticsearch.transport.Netty4Plugin]
[2018-11-14T16:21:39,116][INFO ][o.e.p.PluginsService     ] [_client_] no modules loaded
[2018-11-14T16:21:39,119][INFO ][o.e.p.PluginsService     ] [_client_] loaded plugin [org.elasticsearch.index.reindex.ReindexPlugin]
[2018-11-14T16:21:39,119][INFO ][o.e.p.PluginsService     ] [_client_] loaded plugin [org.elasticsearch.join.ParentJoinPlugin]
[2018-11-14T16:21:39,119][INFO ][o.e.p.PluginsService     ] [_client_] loaded plugin [org.elasticsearch.percolator.PercolatorPlugin]
[2018-11-14T16:21:39,120][INFO ][o.e.p.PluginsService     ] [_client_] loaded plugin [org.elasticsearch.script.mustache.MustachePlugin]
[2018-11-14T16:21:39,120][INFO ][o.e.p.PluginsService     ] [_client_] loaded plugin [org.elasticsearch.transport.Netty4Plugin]
[2018-11-14T16:22:42,195][INFO ][o.e.p.PluginsService     ] [_client_] no modules loaded
[2018-11-14T16:22:42,197][INFO ][o.e.p.PluginsService     ] [_client_] loaded plugin [org.elasticsearch.index.reindex.ReindexPlugin]
[2018-11-14T16:22:42,197][INFO ][o.e.p.PluginsService     ] [_client_] loaded plugin [org.elasticsearch.join.ParentJoinPlugin]
[2018-11-14T16:22:42,198][INFO ][o.e.p.PluginsService     ] [_client_] loaded plugin [org.elasticsearch.percolator.PercolatorPlugin]
[2018-11-14T16:22:42,198][INFO ][o.e.p.PluginsService     ] [_client_] loaded plugin [org.elasticsearch.script.mustache.MustachePlugin]
[2018-11-14T16:22:42,198][INFO ][o.e.p.PluginsService     ] [_client_] loaded plugin [org.elasticsearch.transport.Netty4Plugin]
[2018-11-14T16:28:53,386][INFO ][o.e.p.PluginsService     ] [_client_] no modules loaded
[2018-11-14T16:28:53,389][INFO ][o.e.p.PluginsService     ] [_client_] loaded plugin [org.elasticsearch.index.reindex.ReindexPlugin]
[2018-11-14T16:28:53,389][INFO ][o.e.p.PluginsService     ] [_client_] loaded plugin [org.elasticsearch.join.ParentJoinPlugin]
[2018-11-14T16:28:53,389][INFO ][o.e.p.PluginsService     ] [_client_] loaded plugin [org.elasticsearch.percolator.PercolatorPlugin]
[2018-11-14T16:28:53,389][INFO ][o.e.p.PluginsService     ] [_client_] loaded plugin [org.elasticsearch.script.mustache.MustachePlugin]
[2018-11-14T16:28:53,389][INFO ][o.e.p.PluginsService     ] [_client_] loaded plugin [org.elasticsearch.transport.Netty4Plugin]
[2018-11-14T16:30:44,941][INFO ][o.e.p.PluginsService     ] [_client_] no modules loaded
[2018-11-14T16:30:44,944][INFO ][o.e.p.PluginsService     ] [_client_] loaded plugin [org.elasticsearch.index.reindex.ReindexPlugin]
[2018-11-14T16:30:44,944][INFO ][o.e.p.PluginsService     ] [_client_] loaded plugin [org.elasticsearch.join.ParentJoinPlugin]
[2018-11-14T16:30:44,944][INFO ][o.e.p.PluginsService     ] [_client_] loaded plugin [org.elasticsearch.percolator.PercolatorPlugin]
[2018-11-14T16:30:44,944][INFO ][o.e.p.PluginsService     ] [_client_] loaded plugin [org.elasticsearch.script.mustache.MustachePlugin]
[2018-11-14T16:30:44,944][INFO ][o.e.p.PluginsService     ] [_client_] loaded plugin [org.elasticsearch.transport.Netty4Plugin]
[2018-11-14T16:31:37,242][INFO ][o.e.p.PluginsService     ] [_client_] no modules loaded
[2018-11-14T16:31:37,245][INFO ][o.e.p.PluginsService     ] [_client_] loaded plugin [org.elasticsearch.index.reindex.ReindexPlugin]
[2018-11-14T16:31:37,245][INFO ][o.e.p.PluginsService     ] [_client_] loaded plugin [org.elasticsearch.join.ParentJoinPlugin]
[2018-11-14T16:31:37,245][INFO ][o.e.p.PluginsService     ] [_client_] loaded plugin [org.elasticsearch.percolator.PercolatorPlugin]
[2018-11-14T16:31:37,245][INFO ][o.e.p.PluginsService     ] [_client_] loaded plugin [org.elasticsearch.script.mustache.MustachePlugin]
[2018-11-14T16:31:37,245][INFO ][o.e.p.PluginsService     ] [_client_] loaded plugin [org.elasticsearch.transport.Netty4Plugin]
